[2026-04-09 01:08:11] === parcels index creation script === 
[2026-04-09 01:08:11] gpkg path: C:/GEODATA/LR_PARCEL_NATIONWIDE_FILE_US_2026_Q1.gpkg 
[2026-04-09 01:08:11] file size (GB): 93.66 
[2026-04-09 01:08:11] R version: R version 4.5.3 (2026-03-11 ucrt) 
[2026-04-09 01:08:11] RSQLite version: 2.4.6 
[2026-04-09 01:08:11] DBI version: 1.3.0 
[2026-04-09 01:08:11] system memory (GB): Inf 
[2026-04-09 01:08:11] opening RW connection... 
[2026-04-09 01:08:11] setting pragmas... 
[2026-04-09 01:08:11] journal_mode: wal 
[2026-04-09 01:08:11] cache_size: -4000000 
[2026-04-09 01:08:11] temp_store: 2 
[2026-04-09 01:08:11] mmap_size: 2147418112 
[2026-04-09 01:08:11] checking pre-index state... 
[2026-04-09 01:08:11] existing btree indexes on lr_parcel_us: 0 
[2026-04-09 01:08:11] starting CREATE INDEX on (statefp, countyfp, geoid)... 
[2026-04-09 01:08:11] this will take 45-90 minutes -- do not interrupt 
[2026-04-09 01:13:40] index creation elapsed (seconds): 328 
[2026-04-09 01:13:40] index creation elapsed (minutes): 5.5 
[2026-04-09 01:13:40] user CPU time (seconds): 170.8 
[2026-04-09 01:13:40] system CPU time (seconds): 127.4 
[2026-04-09 01:13:40] running ANALYZE on new index... 
[2026-04-09 01:14:02] ANALYZE elapsed (seconds): 22.9 
[2026-04-09 01:14:02] verifying index in sqlite_master... 
[2026-04-09 01:14:02] indexes on lr_parcel_us after creation 
                        name     tbl_name                                                                                      sql 
   1 idx_parcel_state_county lr_parcel_us CREATE INDEX idx_parcel_state_county\n    ON lr_parcel_us (statefp, countyfp, geoid)\n   
[2026-04-09 01:14:02] running EXPLAIN QUERY PLAN for GROUP BY statefp, countyfp... 
[2026-04-09 01:14:02] query plan 
     id parent notused                                                         detail 
   1  6      0     282 SCAN lr_parcel_us USING COVERING INDEX idx_parcel_state_county 
[2026-04-09 01:14:03] checking gpkg file size after index... 
[2026-04-09 01:14:03] file size after (GB): 96.85 
[2026-04-09 01:14:03] running quick distinct state count as sanity check... 
[2026-04-09 01:14:38] distinct counts 
     n_states n_counties n_state_county 
   1       55        332           3229 
[2026-04-09 01:14:38] distinct count query time (seconds): 35.4 
[2026-04-09 01:14:38] disconnecting... 
[2026-04-09 01:14:42] === done === 
[2026-04-09 01:14:42] log file: C:/GEODATA/parcels_index_creation.log 
